EDA Netlist Writer report for Proyecto1
Fri Feb  7 09:47:53 2025
Quartus II 32-bit Version 13.1.0 Build 162 10/23/2013 SJ Web Edition


---------------------
; Table of Contents ;
---------------------
  1. Legal Notice
  2. EDA Netlist Writer Summary
  3. Simulation Settings
  4. Simulation Generated Files
  5. EDA Netlist Writer Messages



----------------
; Legal Notice ;
----------------
Copyright (C) 1991-2013 Altera Corporation
Your use of Altera Corporation's design tools, logic functions 
and other software and tools, and its AMPP partner logic 
functions, and any output files from any of the foregoing 
(including device programming or simulation files), and any 
associated documentation or information are expressly subject 
to the terms and conditions of the Altera Program License 
Subscription Agreement, Altera MegaCore Function License 
Agreement, or other applicable license agreement, including, 
without limitation, that your use is for the sole purpose of 
programming logic devices manufactured by Altera and sold by 
Altera or its authorized distributors.  Please refer to the 
applicable agreement for further details.



+-------------------------------------------------------------------+
; EDA Netlist Writer Summary                                        ;
+---------------------------+---------------------------------------+
; EDA Netlist Writer Status ; Successful - Fri Feb  7 09:47:53 2025 ;
; Revision Name             ; Proyecto1                             ;
; Top-level Entity Name     ; Proyecto1                             ;
; Family                    ; Cyclone III                           ;
; Simulation Files Creation ; Successful                            ;
+---------------------------+---------------------------------------+


+----------------------------------------------------------------------------------------------------------------------------+
; Simulation Settings                                                                                                        ;
+---------------------------------------------------------------------------------------------------+------------------------+
; Option                                                                                            ; Setting                ;
+---------------------------------------------------------------------------------------------------+------------------------+
; Tool Name                                                                                         ; ModelSim-Altera (VHDL) ;
; Generate netlist for functional simulation only                                                   ; Off                    ;
; Time scale                                                                                        ; 1 ps                   ;
; Truncate long hierarchy paths                                                                     ; Off                    ;
; Map illegal HDL characters                                                                        ; Off                    ;
; Flatten buses into individual nodes                                                               ; Off                    ;
; Maintain hierarchy                                                                                ; Off                    ;
; Bring out device-wide set/reset signals as ports                                                  ; Off                    ;
; Enable glitch filtering                                                                           ; Off                    ;
; Do not write top level VHDL entity                                                                ; Off                    ;
; Disable detection of setup and hold time violations in the input registers of bi-directional pins ; Off                    ;
; Architecture name in VHDL output netlist                                                          ; structure              ;
; Generate third-party EDA tool command script for RTL functional simulation                        ; Off                    ;
; Generate third-party EDA tool command script for gate-level simulation                            ; Off                    ;
+---------------------------------------------------------------------------------------------------+------------------------+


+-------------------------------------------------------------------------------------------------------------------------------------------+
; Simulation Generated Files                                                                                                                ;
+-------------------------------------------------------------------------------------------------------------------------------------------+
; Generated Files                                                                                                                           ;
+-------------------------------------------------------------------------------------------------------------------------------------------+
; /home/hugo/Documentos/ESCUELA/SEMESTRE VI/SISTEMAS_DIGITALES/PROYECTOS/Proyecto1/simulation/modelsim/Proyecto1_6_1200mv_85c_slow.vho      ;
; /home/hugo/Documentos/ESCUELA/SEMESTRE VI/SISTEMAS_DIGITALES/PROYECTOS/Proyecto1/simulation/modelsim/Proyecto1_6_1200mv_0c_slow.vho       ;
; /home/hugo/Documentos/ESCUELA/SEMESTRE VI/SISTEMAS_DIGITALES/PROYECTOS/Proyecto1/simulation/modelsim/Proyecto1_min_1200mv_0c_fast.vho     ;
; /home/hugo/Documentos/ESCUELA/SEMESTRE VI/SISTEMAS_DIGITALES/PROYECTOS/Proyecto1/simulation/modelsim/Proyecto1.vho                        ;
; /home/hugo/Documentos/ESCUELA/SEMESTRE VI/SISTEMAS_DIGITALES/PROYECTOS/Proyecto1/simulation/modelsim/Proyecto1_6_1200mv_85c_vhd_slow.sdo  ;
; /home/hugo/Documentos/ESCUELA/SEMESTRE VI/SISTEMAS_DIGITALES/PROYECTOS/Proyecto1/simulation/modelsim/Proyecto1_6_1200mv_0c_vhd_slow.sdo   ;
; /home/hugo/Documentos/ESCUELA/SEMESTRE VI/SISTEMAS_DIGITALES/PROYECTOS/Proyecto1/simulation/modelsim/Proyecto1_min_1200mv_0c_vhd_fast.sdo ;
; /home/hugo/Documentos/ESCUELA/SEMESTRE VI/SISTEMAS_DIGITALES/PROYECTOS/Proyecto1/simulation/modelsim/Proyecto1_vhd.sdo                    ;
+-------------------------------------------------------------------------------------------------------------------------------------------+


+-----------------------------+
; EDA Netlist Writer Messages ;
+-----------------------------+
Info: *******************************************************************
Info: Running Quartus II 32-bit EDA Netlist Writer
    Info: Version 13.1.0 Build 162 10/23/2013 SJ Web Edition
    Info: Processing started: Fri Feb  7 09:47:52 2025
Info: Command: quartus_eda --read_settings_files=off --write_settings_files=off Proyecto1 -c Proyecto1
Info (204019): Generated file Proyecto1_6_1200mv_85c_slow.vho in folder "/home/hugo/Documentos/ESCUELA/SEMESTRE VI/SISTEMAS_DIGITALES/PROYECTOS/Proyecto1/simulation/modelsim/" for EDA simulation tool
Info (204019): Generated file Proyecto1_6_1200mv_0c_slow.vho in folder "/home/hugo/Documentos/ESCUELA/SEMESTRE VI/SISTEMAS_DIGITALES/PROYECTOS/Proyecto1/simulation/modelsim/" for EDA simulation tool
Info (204019): Generated file Proyecto1_min_1200mv_0c_fast.vho in folder "/home/hugo/Documentos/ESCUELA/SEMESTRE VI/SISTEMAS_DIGITALES/PROYECTOS/Proyecto1/simulation/modelsim/" for EDA simulation tool
Info (204019): Generated file Proyecto1.vho in folder "/home/hugo/Documentos/ESCUELA/SEMESTRE VI/SISTEMAS_DIGITALES/PROYECTOS/Proyecto1/simulation/modelsim/" for EDA simulation tool
Info (204019): Generated file Proyecto1_6_1200mv_85c_vhd_slow.sdo in folder "/home/hugo/Documentos/ESCUELA/SEMESTRE VI/SISTEMAS_DIGITALES/PROYECTOS/Proyecto1/simulation/modelsim/" for EDA simulation tool
Info (204019): Generated file Proyecto1_6_1200mv_0c_vhd_slow.sdo in folder "/home/hugo/Documentos/ESCUELA/SEMESTRE VI/SISTEMAS_DIGITALES/PROYECTOS/Proyecto1/simulation/modelsim/" for EDA simulation tool
Info (204019): Generated file Proyecto1_min_1200mv_0c_vhd_fast.sdo in folder "/home/hugo/Documentos/ESCUELA/SEMESTRE VI/SISTEMAS_DIGITALES/PROYECTOS/Proyecto1/simulation/modelsim/" for EDA simulation tool
Info (204019): Generated file Proyecto1_vhd.sdo in folder "/home/hugo/Documentos/ESCUELA/SEMESTRE VI/SISTEMAS_DIGITALES/PROYECTOS/Proyecto1/simulation/modelsim/" for EDA simulation tool
Info: Quartus II 32-bit EDA Netlist Writer was successful. 0 errors, 0 warnings
    Info: Peak virtual memory: 339 megabytes
    Info: Processing ended: Fri Feb  7 09:47:53 2025
    Info: Elapsed time: 00:00:01
    Info: Total CPU time (on all processors): 00:00:01


